<?xml version="1.0" encoding="UTF-8"?>
<!-- Generated by org.testng.reporters.JUnitReportReporter -->
<testsuite hostname="DEVWKST037282" failures="0" tests="1" name="com.smartpolicy.testcases.TC_documents" time="16.355" errors="0" timestamp="2022-11-25T07:48:35 GMT" skipped="0">
  <testcase classname="com.smartpolicy.testcases.TC_documents" name="Documents" time="16.355"/>
  <system-out/>
</testsuite> <!-- com.smartpolicy.testcases.TC_documents -->
