<?xml version="1.0" encoding="UTF-8"?>
<!-- Generated by org.testng.reporters.JUnitReportReporter -->
<testsuite hostname="DEVWKST037282" failures="0" tests="1" name="com.smartpolicy.testcases.TC_reviewSingleDoc" time="68.349" errors="0" timestamp="2023-01-03T11:44:26 GMT" skipped="0">
  <testcase classname="com.smartpolicy.testcases.TC_reviewSingleDoc" name="Documents" time="68.349"/>
  <system-out/>
</testsuite> <!-- com.smartpolicy.testcases.TC_reviewSingleDoc -->
