<?xml version="1.0" encoding="UTF-8"?>
<!-- Generated by org.testng.reporters.JUnitReportReporter -->
<testsuite hostname="DEVWKST037282" failures="0" tests="1" name="com.smartpolicy.testcases.TC_login" time="6.710" errors="0" timestamp="2022-11-07T13:58:37 GMT" skipped="0">
  <testcase classname="com.smartpolicy.testcases.TC_login" name="login" time="6.710"/>
  <system-out/>
</testsuite> <!-- com.smartpolicy.testcases.TC_login -->
