<?xml version="1.0" encoding="UTF-8"?>
<!-- Generated by org.testng.reporters.JUnitReportReporter -->
<testsuite hostname="DEVWKST037282" failures="0" tests="1" name="com.smartpolicy.testcases.TC_uploadedDocument" time="12.122" errors="0" timestamp="2022-11-25T10:04:54 GMT" skipped="0">
  <testcase classname="com.smartpolicy.testcases.TC_uploadedDocument" name="Documents" time="12.122"/>
  <system-out/>
</testsuite> <!-- com.smartpolicy.testcases.TC_uploadedDocument -->
